[ 2017-05-31T09:54:39+08:00 ] 127.0.0.1 /Company_crm/index.php/Home/Administrator/user_delall.html
INFO: [ app_begin ] --START--
INFO: Run Behavior\ReadHtmlCacheBehavior [ RunTime:0.001000s ]
INFO: [ app_begin ] --END-- [ RunTime:0.001000s ]
SQL: SHOW COLUMNS FROM `crm_auth_group_access` [ RunTime:0.0010s ]
SQL: SELECT `uid`,`group_id`,`title`,`rules` FROM crm_auth_group_access a INNER JOIN crm_auth_group g on a.group_id=g.id  WHERE ( a.uid='1' and g.status='1' )  [ RunTime:0.0010s ]
SQL: SHOW COLUMNS FROM `crm_auth_rule` [ RunTime:0.0000s ]
SQL: SELECT `condition`,`name` FROM `crm_auth_rule` WHERE `id` IN ('1','3','4','5','6','7','8','9','10','11','12','13','14','15','16','17','62','63','64','18','19','20','21','22','23','65','66','67','68','24','25','26','27','28','29','30','31','32','33','34','35','36','37','38','39','40','41','42','43','44','45','46','47','48','49','50','51','52','53','69','54','55','56','57','58','59','60','61','70','71','72') AND `type` = 1 AND `status` = 1  [ RunTime:0.0010s ]
SQL: SHOW COLUMNS FROM `crm_user` [ RunTime:0.0030s ]
SQL: SHOW COLUMNS FROM `crm_auth_group_access` [ RunTime:0.0010s ]
SQL: DELETE FROM `crm_user` WHERE `user_id` IN ('1','2','3','4','15','18') [ RunTime:0.0380s ]
NOTIC: [2] Illegal offset type in isset or empty E:\AppServ\www\Company_crm\TuringPHP\Library\Think\Model.class.php 第 511 行.
SQL: DELETE FROM `crm_auth_group_access` WHERE `uid` IN ('1','2','3','4','15','18') [ RunTime:0.0010s ]

[ 2017-05-31T09:54:52+08:00 ] 127.0.0.1 /Company_crm/index.php/Home/Administrator/role_delall.html
INFO: [ app_begin ] --START--
INFO: Run Behavior\ReadHtmlCacheBehavior [ RunTime:0.001000s ]
INFO: [ app_begin ] --END-- [ RunTime:0.001000s ]
SQL: SHOW COLUMNS FROM `crm_auth_group_access` [ RunTime:0.0000s ]
SQL: SELECT `uid`,`group_id`,`title`,`rules` FROM crm_auth_group_access a INNER JOIN crm_auth_group g on a.group_id=g.id  WHERE ( a.uid='1' and g.status='1' )  [ RunTime:0.0000s ]

[ 2017-05-31T10:34:17+08:00 ] 127.0.0.1 /Company_crm/index.php/Home/Administrator/role_delone.html
INFO: [ app_begin ] --START--
INFO: Run Behavior\ReadHtmlCacheBehavior [ RunTime:0.000000s ]
INFO: [ app_begin ] --END-- [ RunTime:0.001000s ]
SQL: SHOW COLUMNS FROM `crm_auth_group_access` [ RunTime:0.0000s ]
SQL: SELECT `uid`,`group_id`,`title`,`rules` FROM crm_auth_group_access a INNER JOIN crm_auth_group g on a.group_id=g.id  WHERE ( a.uid='20' and g.status='1' )  [ RunTime:0.0000s ]
SQL: SHOW COLUMNS FROM `crm_auth_rule` [ RunTime:0.0010s ]
SQL: SELECT `condition`,`name` FROM `crm_auth_rule` WHERE `id` IN ('1','2','3','4','5','6','7','8','62','63','64') AND `type` = 1 AND `status` = 1  [ RunTime:0.0000s ]
SQL: SHOW COLUMNS FROM `crm_auth_group` [ RunTime:0.0000s ]
SQL: UPDATE `crm_auth_group` SET `status`='0' WHERE `id` = 16 [ RunTime:0.0000s ]

[ 2017-05-31T10:34:28+08:00 ] 127.0.0.1 /Company_crm/index.php/Home/Administrator/role_delall.html
INFO: [ app_begin ] --START--
INFO: Run Behavior\ReadHtmlCacheBehavior [ RunTime:0.001000s ]
INFO: [ app_begin ] --END-- [ RunTime:0.001000s ]
SQL: SHOW COLUMNS FROM `crm_auth_group_access` [ RunTime:0.0010s ]
SQL: SELECT `uid`,`group_id`,`title`,`rules` FROM crm_auth_group_access a INNER JOIN crm_auth_group g on a.group_id=g.id  WHERE ( a.uid='20' and g.status='1' )  [ RunTime:0.0000s ]
SQL: SHOW COLUMNS FROM `crm_auth_rule` [ RunTime:0.0010s ]
SQL: SELECT `condition`,`name` FROM `crm_auth_rule` WHERE `id` IN ('1','2','3','4','5','6','7','8','62','63','64') AND `type` = 1 AND `status` = 1  [ RunTime:0.0000s ]
SQL: SHOW COLUMNS FROM `crm_auth_group` [ RunTime:0.0010s ]
SQL: UPDATE `crm_auth_group` SET `status`='0' WHERE `id` IN ('15') [ RunTime:0.0010s ]

[ 2017-05-31T10:44:38+08:00 ] 127.0.0.1 /Company_crm/index.php/Home/Administrator/user_delone.html
INFO: [ app_begin ] --START--
INFO: Run Behavior\ReadHtmlCacheBehavior [ RunTime:0.002000s ]
INFO: [ app_begin ] --END-- [ RunTime:0.002000s ]
SQL: SHOW COLUMNS FROM `crm_auth_group_access` [ RunTime:0.0010s ]
SQL: SELECT `uid`,`group_id`,`title`,`rules` FROM crm_auth_group_access a INNER JOIN crm_auth_group g on a.group_id=g.id  WHERE ( a.uid='20' and g.status='1' )  [ RunTime:0.0010s ]
SQL: SHOW COLUMNS FROM `crm_auth_rule` [ RunTime:0.0000s ]
SQL: SELECT `condition`,`name` FROM `crm_auth_rule` WHERE `id` IN ('1','3','4','5','6','7','8','9','10','11','12','13','14','15','16','17','18','19','20','21','22','23','65','66','67','68','24','25','26','27','28','29','30','31','32','33','34','35','36','37','38','39','40','41','42','43','44','45','46','47','48','49','50','51','52','53','69','54','55','56','57','58','59','60','61','70','71','72','62','63','64') AND `type` = 1 AND `status` = 1  [ RunTime:0.0000s ]
SQL: SHOW COLUMNS FROM `crm_user` [ RunTime:0.0010s ]
SQL: SHOW COLUMNS FROM `crm_auth_group_access` [ RunTime:0.0000s ]
SQL: DELETE FROM `crm_user` WHERE `user_id` = 27 [ RunTime:0.0340s ]
NOTIC: [2] Illegal offset type in isset or empty E:\AppServ\www\Company_crm\TuringPHP\Library\Think\Model.class.php 第 511 行.
SQL: DELETE FROM `crm_auth_group_access` WHERE `uid` = 27 [ RunTime:0.0010s ]

[ 2017-05-31T10:44:41+08:00 ] 127.0.0.1 /Company_crm/index.php/Home/Administrator/user_delall.html
INFO: [ app_begin ] --START--
INFO: Run Behavior\ReadHtmlCacheBehavior [ RunTime:0.001000s ]
INFO: [ app_begin ] --END-- [ RunTime:0.001000s ]
SQL: SHOW COLUMNS FROM `crm_auth_group_access` [ RunTime:0.0010s ]
SQL: SELECT `uid`,`group_id`,`title`,`rules` FROM crm_auth_group_access a INNER JOIN crm_auth_group g on a.group_id=g.id  WHERE ( a.uid='20' and g.status='1' )  [ RunTime:0.0010s ]
SQL: SHOW COLUMNS FROM `crm_auth_rule` [ RunTime:0.0010s ]
SQL: SELECT `condition`,`name` FROM `crm_auth_rule` WHERE `id` IN ('1','3','4','5','6','7','8','9','10','11','12','13','14','15','16','17','18','19','20','21','22','23','65','66','67','68','24','25','26','27','28','29','30','31','32','33','34','35','36','37','38','39','40','41','42','43','44','45','46','47','48','49','50','51','52','53','69','54','55','56','57','58','59','60','61','70','71','72','62','63','64') AND `type` = 1 AND `status` = 1  [ RunTime:0.0010s ]
SQL: SHOW COLUMNS FROM `crm_user` [ RunTime:0.0010s ]
SQL: SHOW COLUMNS FROM `crm_auth_group_access` [ RunTime:0.0000s ]
SQL: DELETE FROM `crm_user` WHERE `user_id` IN ('26') [ RunTime:0.0250s ]
NOTIC: [2] Illegal offset type in isset or empty E:\AppServ\www\Company_crm\TuringPHP\Library\Think\Model.class.php 第 511 行.
SQL: DELETE FROM `crm_auth_group_access` WHERE `uid` IN ('26') [ RunTime:0.0000s ]

[ 2017-05-31T10:46:47+08:00 ] 127.0.0.1 /Company_crm/index.php/Home/Auth/auth_delone.html
INFO: [ app_begin ] --START--
INFO: Run Behavior\ReadHtmlCacheBehavior [ RunTime:0.001000s ]
INFO: [ app_begin ] --END-- [ RunTime:0.001000s ]
SQL: SHOW COLUMNS FROM `crm_auth_group_access` [ RunTime:0.0010s ]
SQL: SELECT `uid`,`group_id`,`title`,`rules` FROM crm_auth_group_access a INNER JOIN crm_auth_group g on a.group_id=g.id  WHERE ( a.uid='20' and g.status='1' )  [ RunTime:0.0010s ]
SQL: SHOW COLUMNS FROM `crm_auth_rule` [ RunTime:0.0010s ]
SQL: SELECT `condition`,`name` FROM `crm_auth_rule` WHERE `id` IN ('1','3','4','5','6','7','8','9','10','11','12','13','14','15','16','17','18','19','20','21','22','23','65','66','67','68','24','25','26','27','28','29','30','31','32','33','34','35','36','37','38','39','40','41','42','43','44','45','46','47','48','49','50','51','52','53','69','54','55','56','57','58','59','60','61','70','71','72','62','63','64') AND `type` = 1 AND `status` = 1  [ RunTime:0.0010s ]
SQL: SHOW COLUMNS FROM `crm_auth_rule` [ RunTime:0.0010s ]
SQL: UPDATE `crm_auth_rule` SET `flags`='0' WHERE `id` = 73 [ RunTime:0.0000s ]

[ 2017-05-31T10:50:30+08:00 ] 127.0.0.1 /Company_crm/index.php/Home/Shouqian/products_delone.html
INFO: [ app_begin ] --START--
INFO: Run Behavior\ReadHtmlCacheBehavior [ RunTime:0.001000s ]
INFO: [ app_begin ] --END-- [ RunTime:0.002000s ]
SQL: SHOW COLUMNS FROM `crm_auth_group_access` [ RunTime:0.0010s ]
SQL: SELECT `uid`,`group_id`,`title`,`rules` FROM crm_auth_group_access a INNER JOIN crm_auth_group g on a.group_id=g.id  WHERE ( a.uid='20' and g.status='1' )  [ RunTime:0.0010s ]
SQL: SHOW COLUMNS FROM `crm_auth_rule` [ RunTime:0.0010s ]
SQL: SELECT `condition`,`name` FROM `crm_auth_rule` WHERE `id` IN ('1','3','4','5','6','7','8','9','10','11','12','13','14','15','16','17','18','19','20','21','22','23','65','66','67','68','24','25','26','27','28','29','30','31','32','33','34','35','36','37','38','39','40','41','42','43','44','45','46','47','48','49','50','51','52','53','69','54','55','56','57','58','59','60','61','70','71','72','62','63','64') AND `type` = 1 AND `status` = 1  [ RunTime:0.0010s ]
SQL: SHOW COLUMNS FROM `crm_project` [ RunTime:0.0010s ]
SQL: UPDATE `crm_project` SET `status`='0' WHERE `project_id` = 13 [ RunTime:0.0350s ]

[ 2017-05-31T10:50:37+08:00 ] 127.0.0.1 /Company_crm/index.php/Home/Shouqian/products_delall.html
INFO: [ app_begin ] --START--
INFO: Run Behavior\ReadHtmlCacheBehavior [ RunTime:0.001000s ]
INFO: [ app_begin ] --END-- [ RunTime:0.001000s ]
SQL: SHOW COLUMNS FROM `crm_auth_group_access` [ RunTime:0.0010s ]
SQL: SELECT `uid`,`group_id`,`title`,`rules` FROM crm_auth_group_access a INNER JOIN crm_auth_group g on a.group_id=g.id  WHERE ( a.uid='20' and g.status='1' )  [ RunTime:0.0010s ]
SQL: SHOW COLUMNS FROM `crm_auth_rule` [ RunTime:0.0010s ]
SQL: SELECT `condition`,`name` FROM `crm_auth_rule` WHERE `id` IN ('1','3','4','5','6','7','8','9','10','11','12','13','14','15','16','17','18','19','20','21','22','23','65','66','67','68','24','25','26','27','28','29','30','31','32','33','34','35','36','37','38','39','40','41','42','43','44','45','46','47','48','49','50','51','52','53','69','54','55','56','57','58','59','60','61','70','71','72','62','63','64') AND `type` = 1 AND `status` = 1  [ RunTime:0.0010s ]
SQL: SHOW COLUMNS FROM `crm_project` [ RunTime:0.0000s ]
SQL: UPDATE `crm_project` SET `status`='0' WHERE `project_id` IN ('12') [ RunTime:0.0270s ]

[ 2017-05-31T11:04:09+08:00 ] 127.0.0.1 /Company_crm/index.php/Home/Shouqian/kehu_delone.html
INFO: [ app_begin ] --START--
INFO: Run Behavior\ReadHtmlCacheBehavior [ RunTime:0.001000s ]
INFO: [ app_begin ] --END-- [ RunTime:0.002000s ]
SQL: SHOW COLUMNS FROM `crm_auth_group_access` [ RunTime:0.0010s ]
SQL: SELECT `uid`,`group_id`,`title`,`rules` FROM crm_auth_group_access a INNER JOIN crm_auth_group g on a.group_id=g.id  WHERE ( a.uid='20' and g.status='1' )  [ RunTime:0.0010s ]
SQL: SHOW COLUMNS FROM `crm_auth_rule` [ RunTime:0.0000s ]
SQL: SELECT `condition`,`name` FROM `crm_auth_rule` WHERE `id` IN ('1','3','4','5','6','7','8','9','10','11','12','13','14','15','16','17','18','19','20','21','22','23','65','66','67','68','24','25','26','27','28','29','30','31','32','33','34','35','36','37','38','39','40','41','42','43','44','45','46','47','48','49','50','51','52','53','69','54','55','56','57','58','59','60','61','70','71','72','62','63','64') AND `type` = 1 AND `status` = 1  [ RunTime:0.0000s ]
SQL: SHOW COLUMNS FROM `crm_client` [ RunTime:0.0010s ]
SQL: UPDATE `crm_client` SET `flag`='0' WHERE `id` = 22 [ RunTime:0.0000s ]

[ 2017-05-31T11:04:19+08:00 ] 127.0.0.1 /Company_crm/index.php/Home/Shouqian/kehu_delall.html
INFO: [ app_begin ] --START--
INFO: Run Behavior\ReadHtmlCacheBehavior [ RunTime:0.001000s ]
INFO: [ app_begin ] --END-- [ RunTime:0.002001s ]
SQL: SHOW COLUMNS FROM `crm_auth_group_access` [ RunTime:0.0010s ]
SQL: SELECT `uid`,`group_id`,`title`,`rules` FROM crm_auth_group_access a INNER JOIN crm_auth_group g on a.group_id=g.id  WHERE ( a.uid='20' and g.status='1' )  [ RunTime:0.0000s ]
SQL: SHOW COLUMNS FROM `crm_auth_rule` [ RunTime:0.0000s ]
SQL: SELECT `condition`,`name` FROM `crm_auth_rule` WHERE `id` IN ('1','3','4','5','6','7','8','9','10','11','12','13','14','15','16','17','18','19','20','21','22','23','65','66','67','68','24','25','26','27','28','29','30','31','32','33','34','35','36','37','38','39','40','41','42','43','44','45','46','47','48','49','50','51','52','53','69','54','55','56','57','58','59','60','61','70','71','72','62','63','64') AND `type` = 1 AND `status` = 1  [ RunTime:0.0010s ]
SQL: SHOW COLUMNS FROM `crm_client` [ RunTime:0.0010s ]
SQL: UPDATE `crm_client` SET `flag`='0' WHERE `id` IN ('24') [ RunTime:0.0010s ]

[ 2017-05-31T11:09:16+08:00 ] 127.0.0.1 /Company_crm/index.php/Home/Project/item_delone.html
INFO: [ app_begin ] --START--
INFO: Run Behavior\ReadHtmlCacheBehavior [ RunTime:0.001000s ]
INFO: [ app_begin ] --END-- [ RunTime:0.001000s ]
SQL: SHOW COLUMNS FROM `crm_auth_group_access` [ RunTime:0.0000s ]
SQL: SELECT `uid`,`group_id`,`title`,`rules` FROM crm_auth_group_access a INNER JOIN crm_auth_group g on a.group_id=g.id  WHERE ( a.uid='20' and g.status='1' )  [ RunTime:0.0000s ]
SQL: SHOW COLUMNS FROM `crm_auth_rule` [ RunTime:0.0010s ]
SQL: SELECT `condition`,`name` FROM `crm_auth_rule` WHERE `id` IN ('1','3','4','5','6','7','8','9','10','11','12','13','14','15','16','17','18','19','20','21','22','23','65','66','67','68','24','25','26','27','28','29','30','31','32','33','34','35','36','37','38','39','40','41','42','43','44','45','46','47','48','49','50','51','52','53','69','54','55','56','57','58','59','60','61','70','71','72','62','63','64') AND `type` = 1 AND `status` = 1  [ RunTime:0.0010s ]
SQL: SHOW COLUMNS FROM `crm_itemgroup` [ RunTime:0.0010s ]
SQL: UPDATE `crm_itemgroup` SET `status`='0' WHERE `item_id` = 11 [ RunTime:0.0390s ]

[ 2017-05-31T11:09:19+08:00 ] 127.0.0.1 /Company_crm/index.php/Home/Project/item_delall.html
INFO: [ app_begin ] --START--
INFO: Run Behavior\ReadHtmlCacheBehavior [ RunTime:0.001000s ]
INFO: [ app_begin ] --END-- [ RunTime:0.001000s ]
SQL: SHOW COLUMNS FROM `crm_auth_group_access` [ RunTime:0.0010s ]
SQL: SELECT `uid`,`group_id`,`title`,`rules` FROM crm_auth_group_access a INNER JOIN crm_auth_group g on a.group_id=g.id  WHERE ( a.uid='20' and g.status='1' )  [ RunTime:0.0000s ]
SQL: SHOW COLUMNS FROM `crm_auth_rule` [ RunTime:0.0010s ]
SQL: SELECT `condition`,`name` FROM `crm_auth_rule` WHERE `id` IN ('1','3','4','5','6','7','8','9','10','11','12','13','14','15','16','17','18','19','20','21','22','23','65','66','67','68','24','25','26','27','28','29','30','31','32','33','34','35','36','37','38','39','40','41','42','43','44','45','46','47','48','49','50','51','52','53','69','54','55','56','57','58','59','60','61','70','71','72','62','63','64') AND `type` = 1 AND `status` = 1  [ RunTime:0.0010s ]
SQL: SHOW COLUMNS FROM `crm_itemgroup` [ RunTime:0.0000s ]
SQL: UPDATE `crm_itemgroup` SET `status`='0' WHERE `item_id` IN ('10') [ RunTime:0.0440s ]

[ 2017-05-31T11:13:35+08:00 ] 127.0.0.1 /Company_crm/index.php/Home/Project/wo_delone.html
INFO: [ app_begin ] --START--
INFO: Run Behavior\ReadHtmlCacheBehavior [ RunTime:0.001000s ]
INFO: [ app_begin ] --END-- [ RunTime:0.001000s ]
SQL: SHOW COLUMNS FROM `crm_auth_group_access` [ RunTime:0.0010s ]
SQL: SELECT `uid`,`group_id`,`title`,`rules` FROM crm_auth_group_access a INNER JOIN crm_auth_group g on a.group_id=g.id  WHERE ( a.uid='20' and g.status='1' )  [ RunTime:0.0000s ]
SQL: SHOW COLUMNS FROM `crm_auth_rule` [ RunTime:0.0000s ]
SQL: SELECT `condition`,`name` FROM `crm_auth_rule` WHERE `id` IN ('1','3','4','5','6','7','8','9','10','11','12','13','14','15','16','17','18','19','20','21','22','23','65','66','67','68','24','25','26','27','28','29','30','31','32','33','34','35','36','37','38','39','40','41','42','43','44','45','46','47','48','49','50','51','52','53','69','54','55','56','57','58','59','60','61','70','71','72','62','63','64') AND `type` = 1 AND `status` = 1  [ RunTime:0.0000s ]
SQL: SHOW COLUMNS FROM `crm_workorder` [ RunTime:0.0000s ]
SQL: UPDATE `crm_workorder` SET `flag`='0' WHERE `id` = 11 [ RunTime:0.0330s ]

[ 2017-05-31T11:13:39+08:00 ] 127.0.0.1 /Company_crm/index.php/Home/Project/wo_delall.html
INFO: [ app_begin ] --START--
INFO: Run Behavior\ReadHtmlCacheBehavior [ RunTime:0.001000s ]
INFO: [ app_begin ] --END-- [ RunTime:0.002000s ]
SQL: SHOW COLUMNS FROM `crm_auth_group_access` [ RunTime:0.0010s ]
SQL: SELECT `uid`,`group_id`,`title`,`rules` FROM crm_auth_group_access a INNER JOIN crm_auth_group g on a.group_id=g.id  WHERE ( a.uid='20' and g.status='1' )  [ RunTime:0.0010s ]
SQL: SHOW COLUMNS FROM `crm_auth_rule` [ RunTime:0.0000s ]
SQL: SELECT `condition`,`name` FROM `crm_auth_rule` WHERE `id` IN ('1','3','4','5','6','7','8','9','10','11','12','13','14','15','16','17','18','19','20','21','22','23','65','66','67','68','24','25','26','27','28','29','30','31','32','33','34','35','36','37','38','39','40','41','42','43','44','45','46','47','48','49','50','51','52','53','69','54','55','56','57','58','59','60','61','70','71','72','62','63','64') AND `type` = 1 AND `status` = 1  [ RunTime:0.0000s ]
SQL: SHOW COLUMNS FROM `crm_workorder` [ RunTime:0.0010s ]
SQL: UPDATE `crm_workorder` SET `flag`='0' WHERE `id` IN ('10') [ RunTime:0.0250s ]

[ 2017-05-31T13:25:22+08:00 ] 127.0.0.1 /Company_crm/index.php/Home/Project/task_delone.html
INFO: [ app_begin ] --START--
INFO: Run Behavior\ReadHtmlCacheBehavior [ RunTime:0.001000s ]
INFO: [ app_begin ] --END-- [ RunTime:0.001000s ]
SQL: SHOW COLUMNS FROM `crm_auth_group_access` [ RunTime:0.0010s ]
SQL: SELECT `uid`,`group_id`,`title`,`rules` FROM crm_auth_group_access a INNER JOIN crm_auth_group g on a.group_id=g.id  WHERE ( a.uid='20' and g.status='1' )  [ RunTime:0.0000s ]
SQL: SHOW COLUMNS FROM `crm_auth_rule` [ RunTime:0.0000s ]
SQL: SELECT `condition`,`name` FROM `crm_auth_rule` WHERE `id` IN ('1','3','4','5','6','7','8','9','10','11','12','13','14','15','16','17','18','19','20','21','22','23','65','66','67','68','24','25','26','27','28','29','30','31','32','33','34','35','36','37','38','39','40','41','42','43','44','45','46','47','48','49','50','51','52','53','69','54','55','56','57','58','59','60','61','70','71','72','62','63','64') AND `type` = 1 AND `status` = 1  [ RunTime:0.0000s ]
SQL: SHOW COLUMNS FROM `crm_task` [ RunTime:0.0000s ]
SQL: UPDATE `crm_task` SET `flag`='0' WHERE `task_id` = 15 [ RunTime:0.0250s ]

[ 2017-05-31T13:25:25+08:00 ] 127.0.0.1 /Company_crm/index.php/Home/Project/task_delall.html
INFO: [ app_begin ] --START--
INFO: Run Behavior\ReadHtmlCacheBehavior [ RunTime:0.001000s ]
INFO: [ app_begin ] --END-- [ RunTime:0.001000s ]
SQL: SHOW COLUMNS FROM `crm_auth_group_access` [ RunTime:0.0010s ]
SQL: SELECT `uid`,`group_id`,`title`,`rules` FROM crm_auth_group_access a INNER JOIN crm_auth_group g on a.group_id=g.id  WHERE ( a.uid='20' and g.status='1' )  [ RunTime:0.0010s ]
SQL: SHOW COLUMNS FROM `crm_auth_rule` [ RunTime:0.0010s ]
SQL: SELECT `condition`,`name` FROM `crm_auth_rule` WHERE `id` IN ('1','3','4','5','6','7','8','9','10','11','12','13','14','15','16','17','18','19','20','21','22','23','65','66','67','68','24','25','26','27','28','29','30','31','32','33','34','35','36','37','38','39','40','41','42','43','44','45','46','47','48','49','50','51','52','53','69','54','55','56','57','58','59','60','61','70','71','72','62','63','64') AND `type` = 1 AND `status` = 1  [ RunTime:0.0010s ]
SQL: SHOW COLUMNS FROM `crm_task` [ RunTime:0.0010s ]
SQL: UPDATE `crm_task` SET `flag`='0' WHERE `task_id` IN ('16') [ RunTime:0.0240s ]

[ 2017-05-31T13:28:31+08:00 ] 127.0.0.1 /Company_crm/index.php/Home/Develop/task_delone.html
INFO: [ app_begin ] --START--
INFO: Run Behavior\ReadHtmlCacheBehavior [ RunTime:0.000000s ]
INFO: [ app_begin ] --END-- [ RunTime:0.001000s ]
SQL: SHOW COLUMNS FROM `crm_auth_group_access` [ RunTime:0.0010s ]
SQL: SELECT `uid`,`group_id`,`title`,`rules` FROM crm_auth_group_access a INNER JOIN crm_auth_group g on a.group_id=g.id  WHERE ( a.uid='20' and g.status='1' )  [ RunTime:0.0000s ]
SQL: SHOW COLUMNS FROM `crm_auth_rule` [ RunTime:0.0010s ]
SQL: SELECT `condition`,`name` FROM `crm_auth_rule` WHERE `id` IN ('1','3','4','5','6','7','8','9','10','11','12','13','14','15','16','17','18','19','20','21','22','23','65','66','67','68','24','25','26','27','28','29','30','31','32','33','34','35','36','37','38','39','40','41','42','43','44','45','46','47','48','49','50','51','52','53','69','54','55','56','57','58','59','60','61','70','71','72','62','63','64') AND `type` = 1 AND `status` = 1  [ RunTime:0.0010s ]
SQL: SHOW COLUMNS FROM `crm_task` [ RunTime:0.0010s ]
SQL: UPDATE `crm_task` SET `flag`='0' WHERE `task_id` = 13 [ RunTime:0.0330s ]

[ 2017-05-31T13:28:38+08:00 ] 127.0.0.1 /Company_crm/index.php/Home/Develop/task_delall.html
INFO: [ app_begin ] --START--
INFO: Run Behavior\ReadHtmlCacheBehavior [ RunTime:0.001000s ]
INFO: [ app_begin ] --END-- [ RunTime:0.001000s ]
SQL: SHOW COLUMNS FROM `crm_auth_group_access` [ RunTime:0.0010s ]
SQL: SELECT `uid`,`group_id`,`title`,`rules` FROM crm_auth_group_access a INNER JOIN crm_auth_group g on a.group_id=g.id  WHERE ( a.uid='20' and g.status='1' )  [ RunTime:0.0010s ]
SQL: SHOW COLUMNS FROM `crm_auth_rule` [ RunTime:0.0000s ]
SQL: SELECT `condition`,`name` FROM `crm_auth_rule` WHERE `id` IN ('1','3','4','5','6','7','8','9','10','11','12','13','14','15','16','17','18','19','20','21','22','23','65','66','67','68','24','25','26','27','28','29','30','31','32','33','34','35','36','37','38','39','40','41','42','43','44','45','46','47','48','49','50','51','52','53','69','54','55','56','57','58','59','60','61','70','71','72','62','63','64') AND `type` = 1 AND `status` = 1  [ RunTime:0.0000s ]
SQL: SHOW COLUMNS FROM `crm_task` [ RunTime:0.0010s ]
SQL: UPDATE `crm_task` SET `flag`='0' WHERE `task_id` IN ('18') [ RunTime:0.0250s ]

[ 2017-05-31T13:30:35+08:00 ] 127.0.0.1 /Company_crm/index.php/Home/Client/client_delone.html
INFO: [ app_begin ] --START--
INFO: Run Behavior\ReadHtmlCacheBehavior [ RunTime:0.001000s ]
INFO: [ app_begin ] --END-- [ RunTime:0.001000s ]
SQL: SHOW COLUMNS FROM `crm_auth_group_access` [ RunTime:0.0000s ]
SQL: SELECT `uid`,`group_id`,`title`,`rules` FROM crm_auth_group_access a INNER JOIN crm_auth_group g on a.group_id=g.id  WHERE ( a.uid='20' and g.status='1' )  [ RunTime:0.0000s ]
SQL: SHOW COLUMNS FROM `crm_auth_rule` [ RunTime:0.0010s ]
SQL: SELECT `condition`,`name` FROM `crm_auth_rule` WHERE `id` IN ('1','3','4','5','6','7','8','9','10','11','12','13','14','15','16','17','18','19','20','21','22','23','65','66','67','68','24','25','26','27','28','29','30','31','32','33','34','35','36','37','38','39','40','41','42','43','44','45','46','47','48','49','50','51','52','53','69','54','55','56','57','58','59','60','61','70','71','72','62','63','64') AND `type` = 1 AND `status` = 1  [ RunTime:0.0010s ]
SQL: SHOW COLUMNS FROM `crm_client` [ RunTime:0.0010s ]
SQL: UPDATE `crm_client` SET `flag`='0' WHERE `id` = 25 [ RunTime:0.0010s ]

[ 2017-05-31T13:30:40+08:00 ] 127.0.0.1 /Company_crm/index.php/Home/Client/client_delall.html
INFO: [ app_begin ] --START--
INFO: Run Behavior\ReadHtmlCacheBehavior [ RunTime:0.000000s ]
INFO: [ app_begin ] --END-- [ RunTime:0.001000s ]
SQL: SHOW COLUMNS FROM `crm_auth_group_access` [ RunTime:0.0010s ]
SQL: SELECT `uid`,`group_id`,`title`,`rules` FROM crm_auth_group_access a INNER JOIN crm_auth_group g on a.group_id=g.id  WHERE ( a.uid='20' and g.status='1' )  [ RunTime:0.0010s ]
SQL: SHOW COLUMNS FROM `crm_auth_rule` [ RunTime:0.0000s ]
SQL: SELECT `condition`,`name` FROM `crm_auth_rule` WHERE `id` IN ('1','3','4','5','6','7','8','9','10','11','12','13','14','15','16','17','18','19','20','21','22','23','65','66','67','68','24','25','26','27','28','29','30','31','32','33','34','35','36','37','38','39','40','41','42','43','44','45','46','47','48','49','50','51','52','53','69','54','55','56','57','58','59','60','61','70','71','72','62','63','64') AND `type` = 1 AND `status` = 1  [ RunTime:0.0000s ]
SQL: SHOW COLUMNS FROM `crm_client` [ RunTime:0.0010s ]
SQL: UPDATE `crm_client` SET `flag`='0' WHERE `id` IN ('26') [ RunTime:0.0000s ]

[ 2017-05-31T13:33:50+08:00 ] 127.0.0.1 /Company_crm/index.php/Home/Client/shouhou_delone.html
INFO: [ app_begin ] --START--
INFO: Run Behavior\ReadHtmlCacheBehavior [ RunTime:0.001000s ]
INFO: [ app_begin ] --END-- [ RunTime:0.002000s ]
SQL: SHOW COLUMNS FROM `crm_auth_group_access` [ RunTime:0.0010s ]
SQL: SELECT `uid`,`group_id`,`title`,`rules` FROM crm_auth_group_access a INNER JOIN crm_auth_group g on a.group_id=g.id  WHERE ( a.uid='20' and g.status='1' )  [ RunTime:0.0000s ]
SQL: SHOW COLUMNS FROM `crm_auth_rule` [ RunTime:0.0000s ]
SQL: SELECT `condition`,`name` FROM `crm_auth_rule` WHERE `id` IN ('1','3','4','5','6','7','8','9','10','11','12','13','14','15','16','17','18','19','20','21','22','23','65','66','67','68','24','25','26','27','28','29','30','31','32','33','34','35','36','37','38','39','40','41','42','43','44','45','46','47','48','49','50','51','52','53','69','54','55','56','57','58','59','60','61','70','71','72','62','63','64') AND `type` = 1 AND `status` = 1  [ RunTime:0.0000s ]
SQL: SHOW COLUMNS FROM `crm_shgd` [ RunTime:0.0010s ]
SQL: UPDATE `crm_shgd` SET `status`='0' WHERE `id` = 9 [ RunTime:0.0440s ]

[ 2017-05-31T13:33:58+08:00 ] 127.0.0.1 /Company_crm/index.php/Home/Client/shouhou_delall.html
INFO: [ app_begin ] --START--
INFO: Run Behavior\ReadHtmlCacheBehavior [ RunTime:0.000000s ]
INFO: [ app_begin ] --END-- [ RunTime:0.002000s ]
SQL: SHOW COLUMNS FROM `crm_auth_group_access` [ RunTime:0.0010s ]
SQL: SELECT `uid`,`group_id`,`title`,`rules` FROM crm_auth_group_access a INNER JOIN crm_auth_group g on a.group_id=g.id  WHERE ( a.uid='20' and g.status='1' )  [ RunTime:0.0010s ]
SQL: SHOW COLUMNS FROM `crm_auth_rule` [ RunTime:0.0010s ]
SQL: SELECT `condition`,`name` FROM `crm_auth_rule` WHERE `id` IN ('1','3','4','5','6','7','8','9','10','11','12','13','14','15','16','17','18','19','20','21','22','23','65','66','67','68','24','25','26','27','28','29','30','31','32','33','34','35','36','37','38','39','40','41','42','43','44','45','46','47','48','49','50','51','52','53','69','54','55','56','57','58','59','60','61','70','71','72','62','63','64') AND `type` = 1 AND `status` = 1  [ RunTime:0.0010s ]
SQL: SHOW COLUMNS FROM `crm_shgd` [ RunTime:0.0030s ]
SQL: UPDATE `crm_shgd` SET `status`='0' WHERE `id` IN ('7') [ RunTime:0.0440s ]

[ 2017-05-31T14:54:07+08:00 ] 127.0.0.1 /Company_crm/index.php/Home/Administrator/role_delone.html
INFO: [ app_begin ] --START--
INFO: Run Behavior\ReadHtmlCacheBehavior [ RunTime:0.000000s ]
INFO: [ app_begin ] --END-- [ RunTime:0.001001s ]
SQL: SHOW COLUMNS FROM `crm_auth_group_access` [ RunTime:0.0000s ]
SQL: SELECT `uid`,`group_id`,`title`,`rules` FROM crm_auth_group_access a INNER JOIN crm_auth_group g on a.group_id=g.id  WHERE ( a.uid='28' and g.status='1' )  [ RunTime:0.0000s ]
SQL: SHOW COLUMNS FROM `crm_auth_rule` [ RunTime:0.0010s ]
SQL: SELECT `condition`,`name` FROM `crm_auth_rule` WHERE `id` IN ('1','3','4','5','6','7','8','9','10','11','12','13','14','15','16','17','18','19','20','21','22','23','65','66','67','68','24','25','26','27','28','29','30','31','32','33','34','35','36','37','38','39','40','41','42','43','44','45','46','47','48','49','50','51','52','53','69','54','55','56','57','58','59','60','61','70','71','72','62','63','64') AND `type` = 1 AND `status` = 1  [ RunTime:0.0000s ]
SQL: SHOW COLUMNS FROM `crm_auth_group` [ RunTime:0.0000s ]
SQL: UPDATE `crm_auth_group` SET `status`='0' WHERE `id` = 23 [ RunTime:0.0000s ]

[ 2017-05-31T14:54:15+08:00 ] 127.0.0.1 /Company_crm/index.php/Home/Administrator/role_delall.html
INFO: [ app_begin ] --START--
INFO: Run Behavior\ReadHtmlCacheBehavior [ RunTime:0.000000s ]
INFO: [ app_begin ] --END-- [ RunTime:0.001000s ]
SQL: SHOW COLUMNS FROM `crm_auth_group_access` [ RunTime:0.0010s ]
SQL: SELECT `uid`,`group_id`,`title`,`rules` FROM crm_auth_group_access a INNER JOIN crm_auth_group g on a.group_id=g.id  WHERE ( a.uid='28' and g.status='1' )  [ RunTime:0.0010s ]
SQL: SHOW COLUMNS FROM `crm_auth_rule` [ RunTime:0.0000s ]
SQL: SELECT `condition`,`name` FROM `crm_auth_rule` WHERE `id` IN ('1','3','4','5','6','7','8','9','10','11','12','13','14','15','16','17','18','19','20','21','22','23','65','66','67','68','24','25','26','27','28','29','30','31','32','33','34','35','36','37','38','39','40','41','42','43','44','45','46','47','48','49','50','51','52','53','69','54','55','56','57','58','59','60','61','70','71','72','62','63','64') AND `type` = 1 AND `status` = 1  [ RunTime:0.0010s ]
SQL: SHOW COLUMNS FROM `crm_auth_group` [ RunTime:0.0010s ]
SQL: UPDATE `crm_auth_group` SET `status`='0' WHERE `id` IN ('22') [ RunTime:0.0000s ]

[ 2017-05-31T14:59:48+08:00 ] 127.0.0.1 /Company_crm/index.php/Home/Administrator/user_delone.html
INFO: [ app_begin ] --START--
INFO: Run Behavior\ReadHtmlCacheBehavior [ RunTime:0.001000s ]
INFO: [ app_begin ] --END-- [ RunTime:0.002000s ]
SQL: SHOW COLUMNS FROM `crm_auth_group_access` [ RunTime:0.0010s ]
SQL: SELECT `uid`,`group_id`,`title`,`rules` FROM crm_auth_group_access a INNER JOIN crm_auth_group g on a.group_id=g.id  WHERE ( a.uid='28' and g.status='1' )  [ RunTime:0.0010s ]
SQL: SHOW COLUMNS FROM `crm_auth_rule` [ RunTime:0.0010s ]
SQL: SELECT `condition`,`name` FROM `crm_auth_rule` WHERE `id` IN ('1','3','4','5','6','7','8','9','10','11','12','13','14','15','16','17','18','19','20','21','22','23','65','66','67','68','24','25','26','27','28','29','30','31','32','33','34','35','36','37','38','39','40','41','42','43','44','45','46','47','48','49','50','51','52','53','69','54','55','56','57','58','59','60','61','70','71','72','62','63','64') AND `type` = 1 AND `status` = 1  [ RunTime:0.0010s ]
SQL: SHOW COLUMNS FROM `crm_user` [ RunTime:0.0010s ]
SQL: SHOW COLUMNS FROM `crm_auth_group_access` [ RunTime:0.0010s ]
SQL: DELETE FROM `crm_user` WHERE `user_id` = 34 [ RunTime:0.0220s ]
NOTIC: [2] Illegal offset type in isset or empty E:\AppServ\www\Company_crm\TuringPHP\Library\Think\Model.class.php 第 511 行.
SQL: DELETE FROM `crm_auth_group_access` WHERE `uid` = 34 [ RunTime:0.0000s ]

[ 2017-05-31T14:59:57+08:00 ] 127.0.0.1 /Company_crm/index.php/Home/Administrator/user_delall.html
INFO: [ app_begin ] --START--
INFO: Run Behavior\ReadHtmlCacheBehavior [ RunTime:0.003000s ]
INFO: [ app_begin ] --END-- [ RunTime:0.003000s ]
SQL: SHOW COLUMNS FROM `crm_auth_group_access` [ RunTime:0.0010s ]
SQL: SELECT `uid`,`group_id`,`title`,`rules` FROM crm_auth_group_access a INNER JOIN crm_auth_group g on a.group_id=g.id  WHERE ( a.uid='28' and g.status='1' )  [ RunTime:0.0010s ]
SQL: SHOW COLUMNS FROM `crm_auth_rule` [ RunTime:0.0020s ]
SQL: SELECT `condition`,`name` FROM `crm_auth_rule` WHERE `id` IN ('1','3','4','5','6','7','8','9','10','11','12','13','14','15','16','17','18','19','20','21','22','23','65','66','67','68','24','25','26','27','28','29','30','31','32','33','34','35','36','37','38','39','40','41','42','43','44','45','46','47','48','49','50','51','52','53','69','54','55','56','57','58','59','60','61','70','71','72','62','63','64') AND `type` = 1 AND `status` = 1  [ RunTime:0.0000s ]
SQL: SHOW COLUMNS FROM `crm_user` [ RunTime:0.0010s ]
SQL: SHOW COLUMNS FROM `crm_auth_group_access` [ RunTime:0.0010s ]
SQL: DELETE FROM `crm_user` WHERE `user_id` IN ('33') [ RunTime:0.0320s ]
NOTIC: [2] Illegal offset type in isset or empty E:\AppServ\www\Company_crm\TuringPHP\Library\Think\Model.class.php 第 511 行.
SQL: DELETE FROM `crm_auth_group_access` WHERE `uid` IN ('33') [ RunTime:0.0010s ]

[ 2017-05-31T15:07:51+08:00 ] 127.0.0.1 /Company_crm/index.php/Home/Shouqian/products_delone.html
INFO: [ app_begin ] --START--
INFO: Run Behavior\ReadHtmlCacheBehavior [ RunTime:0.001000s ]
INFO: [ app_begin ] --END-- [ RunTime:0.001000s ]
SQL: SHOW COLUMNS FROM `crm_auth_group_access` [ RunTime:0.0010s ]
SQL: SELECT `uid`,`group_id`,`title`,`rules` FROM crm_auth_group_access a INNER JOIN crm_auth_group g on a.group_id=g.id  WHERE ( a.uid='28' and g.status='1' )  [ RunTime:0.0000s ]
SQL: SHOW COLUMNS FROM `crm_auth_rule` [ RunTime:0.0010s ]
SQL: SELECT `condition`,`name` FROM `crm_auth_rule` WHERE `id` IN ('1','3','4','5','6','7','8','9','10','11','12','13','14','15','16','17','18','19','20','21','22','23','65','66','67','68','24','25','26','27','28','29','30','31','32','33','34','35','36','37','38','39','40','41','42','43','44','45','46','47','48','49','50','51','52','53','69','54','55','56','57','58','59','60','61','70','71','72','62','63','64') AND `type` = 1 AND `status` = 1  [ RunTime:0.0000s ]
SQL: SHOW COLUMNS FROM `crm_project` [ RunTime:0.0010s ]
SQL: UPDATE `crm_project` SET `status`='0' WHERE `project_id` = 19 [ RunTime:0.0260s ]

[ 2017-05-31T15:07:57+08:00 ] 127.0.0.1 /Company_crm/index.php/Home/Shouqian/products_delall.html
INFO: [ app_begin ] --START--
INFO: Run Behavior\ReadHtmlCacheBehavior [ RunTime:0.002000s ]
INFO: [ app_begin ] --END-- [ RunTime:0.002000s ]
SQL: SHOW COLUMNS FROM `crm_auth_group_access` [ RunTime:0.0010s ]
SQL: SELECT `uid`,`group_id`,`title`,`rules` FROM crm_auth_group_access a INNER JOIN crm_auth_group g on a.group_id=g.id  WHERE ( a.uid='28' and g.status='1' )  [ RunTime:0.0010s ]
SQL: SHOW COLUMNS FROM `crm_auth_rule` [ RunTime:0.0010s ]
SQL: SELECT `condition`,`name` FROM `crm_auth_rule` WHERE `id` IN ('1','3','4','5','6','7','8','9','10','11','12','13','14','15','16','17','18','19','20','21','22','23','65','66','67','68','24','25','26','27','28','29','30','31','32','33','34','35','36','37','38','39','40','41','42','43','44','45','46','47','48','49','50','51','52','53','69','54','55','56','57','58','59','60','61','70','71','72','62','63','64') AND `type` = 1 AND `status` = 1  [ RunTime:0.0010s ]
SQL: SHOW COLUMNS FROM `crm_project` [ RunTime:0.0010s ]
SQL: UPDATE `crm_project` SET `status`='0' WHERE `project_id` IN ('18') [ RunTime:0.0450s ]

[ 2017-05-31T15:12:47+08:00 ] 127.0.0.1 /Company_crm/index.php/Home/Shouqian/kehu_delone.html
INFO: [ app_begin ] --START--
INFO: Run Behavior\ReadHtmlCacheBehavior [ RunTime:0.001000s ]
INFO: [ app_begin ] --END-- [ RunTime:0.001000s ]
SQL: SHOW COLUMNS FROM `crm_auth_group_access` [ RunTime:0.0000s ]
SQL: SELECT `uid`,`group_id`,`title`,`rules` FROM crm_auth_group_access a INNER JOIN crm_auth_group g on a.group_id=g.id  WHERE ( a.uid='28' and g.status='1' )  [ RunTime:0.0010s ]
SQL: SHOW COLUMNS FROM `crm_auth_rule` [ RunTime:0.0010s ]
SQL: SELECT `condition`,`name` FROM `crm_auth_rule` WHERE `id` IN ('1','3','4','5','6','7','8','9','10','11','12','13','14','15','16','17','18','19','20','21','22','23','65','66','67','68','24','25','26','27','28','29','30','31','32','33','34','35','36','37','38','39','40','41','42','43','44','45','46','47','48','49','50','51','52','53','69','54','55','56','57','58','59','60','61','70','71','72','62','63','64') AND `type` = 1 AND `status` = 1  [ RunTime:0.0000s ]
SQL: SHOW COLUMNS FROM `crm_client` [ RunTime:0.0010s ]
SQL: UPDATE `crm_client` SET `flag`='0' WHERE `id` = 31 [ RunTime:0.0010s ]

[ 2017-05-31T15:12:58+08:00 ] 127.0.0.1 /Company_crm/index.php/Home/Shouqian/kehu_delall.html
INFO: [ app_begin ] --START--
INFO: Run Behavior\ReadHtmlCacheBehavior [ RunTime:0.001001s ]
INFO: [ app_begin ] --END-- [ RunTime:0.002001s ]
SQL: SHOW COLUMNS FROM `crm_auth_group_access` [ RunTime:0.0010s ]
SQL: SELECT `uid`,`group_id`,`title`,`rules` FROM crm_auth_group_access a INNER JOIN crm_auth_group g on a.group_id=g.id  WHERE ( a.uid='28' and g.status='1' )  [ RunTime:0.0000s ]
SQL: SHOW COLUMNS FROM `crm_auth_rule` [ RunTime:0.0000s ]
SQL: SELECT `condition`,`name` FROM `crm_auth_rule` WHERE `id` IN ('1','3','4','5','6','7','8','9','10','11','12','13','14','15','16','17','18','19','20','21','22','23','65','66','67','68','24','25','26','27','28','29','30','31','32','33','34','35','36','37','38','39','40','41','42','43','44','45','46','47','48','49','50','51','52','53','69','54','55','56','57','58','59','60','61','70','71','72','62','63','64') AND `type` = 1 AND `status` = 1  [ RunTime:0.0000s ]
SQL: SHOW COLUMNS FROM `crm_client` [ RunTime:0.0010s ]
SQL: UPDATE `crm_client` SET `flag`='0' WHERE `id` IN ('30') [ RunTime:0.0000s ]

[ 2017-05-31T15:18:35+08:00 ] 127.0.0.1 /Company_crm/index.php/Home/Project/item_delall.html
INFO: [ app_begin ] --START--
INFO: Run Behavior\ReadHtmlCacheBehavior [ RunTime:0.001000s ]
INFO: [ app_begin ] --END-- [ RunTime:0.001000s ]
SQL: SHOW COLUMNS FROM `crm_auth_group_access` [ RunTime:0.0010s ]
SQL: SELECT `uid`,`group_id`,`title`,`rules` FROM crm_auth_group_access a INNER JOIN crm_auth_group g on a.group_id=g.id  WHERE ( a.uid='28' and g.status='1' )  [ RunTime:0.0000s ]
SQL: SHOW COLUMNS FROM `crm_auth_rule` [ RunTime:0.0000s ]
SQL: SELECT `condition`,`name` FROM `crm_auth_rule` WHERE `id` IN ('1','3','4','5','6','7','8','9','10','11','12','13','14','15','16','17','18','19','20','21','22','23','65','66','67','68','24','25','26','27','28','29','30','31','32','33','34','35','36','37','38','39','40','41','42','43','44','45','46','47','48','49','50','51','52','53','69','54','55','56','57','58','59','60','61','70','71','72','62','63','64') AND `type` = 1 AND `status` = 1  [ RunTime:0.0010s ]
SQL: SHOW COLUMNS FROM `crm_itemgroup` [ RunTime:0.0010s ]
SQL: UPDATE `crm_itemgroup` SET `status`='0' WHERE `item_id` IN ('16') [ RunTime:0.0240s ]

[ 2017-05-31T15:18:55+08:00 ] 127.0.0.1 /Company_crm/index.php/Home/Project/item_delone.html
INFO: [ app_begin ] --START--
INFO: Run Behavior\ReadHtmlCacheBehavior [ RunTime:0.001000s ]
INFO: [ app_begin ] --END-- [ RunTime:0.002000s ]
SQL: SHOW COLUMNS FROM `crm_auth_group_access` [ RunTime:0.0010s ]
SQL: SELECT `uid`,`group_id`,`title`,`rules` FROM crm_auth_group_access a INNER JOIN crm_auth_group g on a.group_id=g.id  WHERE ( a.uid='28' and g.status='1' )  [ RunTime:0.0010s ]
SQL: SHOW COLUMNS FROM `crm_auth_rule` [ RunTime:0.0010s ]
SQL: SELECT `condition`,`name` FROM `crm_auth_rule` WHERE `id` IN ('1','3','4','5','6','7','8','9','10','11','12','13','14','15','16','17','18','19','20','21','22','23','65','66','67','68','24','25','26','27','28','29','30','31','32','33','34','35','36','37','38','39','40','41','42','43','44','45','46','47','48','49','50','51','52','53','69','54','55','56','57','58','59','60','61','70','71','72','62','63','64') AND `type` = 1 AND `status` = 1  [ RunTime:0.0010s ]
SQL: SHOW COLUMNS FROM `crm_itemgroup` [ RunTime:0.0010s ]
SQL: UPDATE `crm_itemgroup` SET `status`='0' WHERE `item_id` = 15 [ RunTime:0.0510s ]

[ 2017-05-31T15:20:51+08:00 ] 127.0.0.1 /Company_crm/index.php/Home/Project/wo_delall.html
INFO: [ app_begin ] --START--
INFO: Run Behavior\ReadHtmlCacheBehavior [ RunTime:0.001000s ]
INFO: [ app_begin ] --END-- [ RunTime:0.001000s ]
SQL: SHOW COLUMNS FROM `crm_auth_group_access` [ RunTime:0.0010s ]
SQL: SELECT `uid`,`group_id`,`title`,`rules` FROM crm_auth_group_access a INNER JOIN crm_auth_group g on a.group_id=g.id  WHERE ( a.uid='28' and g.status='1' )  [ RunTime:0.0010s ]
SQL: SHOW COLUMNS FROM `crm_auth_rule` [ RunTime:0.0010s ]
SQL: SELECT `condition`,`name` FROM `crm_auth_rule` WHERE `id` IN ('1','3','4','5','6','7','8','9','10','11','12','13','14','15','16','17','18','19','20','21','22','23','65','66','67','68','24','25','26','27','28','29','30','31','32','33','34','35','36','37','38','39','40','41','42','43','44','45','46','47','48','49','50','51','52','53','69','54','55','56','57','58','59','60','61','70','71','72','62','63','64') AND `type` = 1 AND `status` = 1  [ RunTime:0.0010s ]
SQL: SHOW COLUMNS FROM `crm_workorder` [ RunTime:0.0010s ]
SQL: UPDATE `crm_workorder` SET `flag`='0' WHERE `id` IN ('16') [ RunTime:0.0260s ]

[ 2017-05-31T15:21:00+08:00 ] 127.0.0.1 /Company_crm/index.php/Home/Project/wo_delone.html
INFO: [ app_begin ] --START--
INFO: Run Behavior\ReadHtmlCacheBehavior [ RunTime:0.001000s ]
INFO: [ app_begin ] --END-- [ RunTime:0.001000s ]
SQL: SHOW COLUMNS FROM `crm_auth_group_access` [ RunTime:0.0000s ]
SQL: SELECT `uid`,`group_id`,`title`,`rules` FROM crm_auth_group_access a INNER JOIN crm_auth_group g on a.group_id=g.id  WHERE ( a.uid='28' and g.status='1' )  [ RunTime:0.0000s ]
SQL: SHOW COLUMNS FROM `crm_auth_rule` [ RunTime:0.0010s ]
SQL: SELECT `condition`,`name` FROM `crm_auth_rule` WHERE `id` IN ('1','3','4','5','6','7','8','9','10','11','12','13','14','15','16','17','18','19','20','21','22','23','65','66','67','68','24','25','26','27','28','29','30','31','32','33','34','35','36','37','38','39','40','41','42','43','44','45','46','47','48','49','50','51','52','53','69','54','55','56','57','58','59','60','61','70','71','72','62','63','64') AND `type` = 1 AND `status` = 1  [ RunTime:0.0010s ]
SQL: SHOW COLUMNS FROM `crm_workorder` [ RunTime:0.0010s ]
SQL: UPDATE `crm_workorder` SET `flag`='0' WHERE `id` = 15 [ RunTime:0.0330s ]

[ 2017-05-31T15:27:33+08:00 ] 127.0.0.1 /Company_crm/index.php/Home/Client/shouhou_delone.html
INFO: [ app_begin ] --START--
INFO: Run Behavior\ReadHtmlCacheBehavior [ RunTime:0.002000s ]
INFO: [ app_begin ] --END-- [ RunTime:0.002000s ]
SQL: SHOW COLUMNS FROM `crm_auth_group_access` [ RunTime:0.0010s ]
SQL: SELECT `uid`,`group_id`,`title`,`rules` FROM crm_auth_group_access a INNER JOIN crm_auth_group g on a.group_id=g.id  WHERE ( a.uid='28' and g.status='1' )  [ RunTime:0.0000s ]
SQL: SHOW COLUMNS FROM `crm_auth_rule` [ RunTime:0.0000s ]
SQL: SELECT `condition`,`name` FROM `crm_auth_rule` WHERE `id` IN ('1','3','4','5','6','7','8','9','10','11','12','13','14','15','16','17','18','19','20','21','22','23','65','66','67','68','24','25','26','27','28','29','30','31','32','33','34','35','36','37','38','39','40','41','42','43','44','45','46','47','48','49','50','51','52','53','69','54','55','56','57','58','59','60','61','70','71','72','62','63','64') AND `type` = 1 AND `status` = 1  [ RunTime:0.0000s ]
SQL: SHOW COLUMNS FROM `crm_shgd` [ RunTime:0.0010s ]
SQL: UPDATE `crm_shgd` SET `status`='0' WHERE `id` = 12 [ RunTime:0.0350s ]

[ 2017-05-31T15:41:24+08:00 ] 127.0.0.1 /Company_crm/index.php/Home/Shouqian/kehu_delone.html
INFO: [ app_begin ] --START--
INFO: Run Behavior\ReadHtmlCacheBehavior [ RunTime:0.002000s ]
INFO: [ app_begin ] --END-- [ RunTime:0.004001s ]
SQL: SHOW COLUMNS FROM `crm_auth_group_access` [ RunTime:0.0010s ]
SQL: SELECT `uid`,`group_id`,`title`,`rules` FROM crm_auth_group_access a INNER JOIN crm_auth_group g on a.group_id=g.id  WHERE ( a.uid='29' and g.status='1' )  [ RunTime:0.0010s ]
SQL: SHOW COLUMNS FROM `crm_auth_rule` [ RunTime:0.0000s ]
SQL: SELECT `condition`,`name` FROM `crm_auth_rule` WHERE `id` IN ('1','18','19','20','23','65','68','62','63','64') AND `type` = 1 AND `status` = 1  [ RunTime:0.0000s ]

[ 2017-05-31T15:41:30+08:00 ] 127.0.0.1 /Company_crm/index.php/Home/Shouqian/kehu_delone.html
INFO: [ app_begin ] --START--
INFO: Run Behavior\ReadHtmlCacheBehavior [ RunTime:0.001000s ]
INFO: [ app_begin ] --END-- [ RunTime:0.001000s ]
SQL: SHOW COLUMNS FROM `crm_auth_group_access` [ RunTime:0.0000s ]
SQL: SELECT `uid`,`group_id`,`title`,`rules` FROM crm_auth_group_access a INNER JOIN crm_auth_group g on a.group_id=g.id  WHERE ( a.uid='29' and g.status='1' )  [ RunTime:0.0000s ]
SQL: SHOW COLUMNS FROM `crm_auth_rule` [ RunTime:0.0010s ]
SQL: SELECT `condition`,`name` FROM `crm_auth_rule` WHERE `id` IN ('1','18','19','20','23','65','68','62','63','64') AND `type` = 1 AND `status` = 1  [ RunTime:0.0010s ]

[ 2017-05-31T15:41:32+08:00 ] 127.0.0.1 /Company_crm/index.php/Home/Shouqian/kehu_delall.html
INFO: [ app_begin ] --START--
INFO: Run Behavior\ReadHtmlCacheBehavior [ RunTime:0.001000s ]
INFO: [ app_begin ] --END-- [ RunTime:0.002000s ]
SQL: SHOW COLUMNS FROM `crm_auth_group_access` [ RunTime:0.0010s ]
SQL: SELECT `uid`,`group_id`,`title`,`rules` FROM crm_auth_group_access a INNER JOIN crm_auth_group g on a.group_id=g.id  WHERE ( a.uid='29' and g.status='1' )  [ RunTime:0.0010s ]
SQL: SHOW COLUMNS FROM `crm_auth_rule` [ RunTime:0.0010s ]
SQL: SELECT `condition`,`name` FROM `crm_auth_rule` WHERE `id` IN ('1','18','19','20','23','65','68','62','63','64') AND `type` = 1 AND `status` = 1  [ RunTime:0.0000s ]

